<?xml version="1.0" encoding="UTF-8"?>
<!-- Generated by org.testng.reporters.JUnitReportReporter -->
<testsuite skipped="0" hostname="hp-pc" name="Org.qsp.testNGdemo.Demo5" tests="5" failures="0" timestamp="2020-07-28T11:07:42 IST" time="0.020" errors="0">
  <testcase name="m1" time="0.010" classname="Org.qsp.testNGdemo.Demo5"/>
  <system-out>
hii......1  </system-out>
  <testcase name="m2" time="0.002" classname="Org.qsp.testNGdemo.Demo5"/>
  <system-out>
hii........2  </system-out>
  <testcase name="m3" time="0.003" classname="Org.qsp.testNGdemo.Demo5"/>
  <system-out>
hi.....3  </system-out>
  <testcase name="m3" time="0.001" classname="Org.qsp.testNGdemo.Demo5"/>
  <system-out>
hi.....3  </system-out>
  <testcase name="m3" time="0.004" classname="Org.qsp.testNGdemo.Demo5"/>
  <system-out>
hi.....3  </system-out>
</testsuite> <!-- Org.qsp.testNGdemo.Demo5 -->
