<?xml version="1.0" encoding="UTF-8"?>
<!-- Generated by org.testng.reporters.JUnitReportReporter -->
<testsuite skipped="0" hostname="hp-pc" name="Org.qsp.testNGdemo.demoTestNG" tests="1" failures="0" timestamp="2020-07-24T11:44:08 IST" time="25.552" errors="0">
  <testcase name="m1" time="25.552" classname="Org.qsp.testNGdemo.demoTestNG"/>
  <system-out>
hey....!  </system-out>
</testsuite> <!-- Org.qsp.testNGdemo.demoTestNG -->
