<?xml version="1.0" encoding="UTF-8"?>
<!-- Generated by org.testng.reporters.JUnitReportReporter -->
<testsuite skipped="0" hostname="hp-pc" name="Org.qsp.testNGdemo.demoTestNG$demoTestNG1" tests="1" failures="0" timestamp="2020-07-24T11:42:10 IST" time="0.011" errors="0">
  <testcase name="m2" time="0.011" classname="Org.qsp.testNGdemo.demoTestNG$demoTestNG1"/>
  <system-out/>
</testsuite> <!-- Org.qsp.testNGdemo.demoTestNG$demoTestNG1 -->
