<?xml version="1.0" encoding="UTF-8"?>
<!-- Generated by org.testng.reporters.JUnitReportReporter -->
<testsuite skipped="0" hostname="hp-pc" name="Org.qsp.testNGdemo.DemoDataprovider" tests="3" failures="0" timestamp="2020-07-30T11:37:36 IST" time="0.016" errors="0">
  <testcase name="m1" time="0.010" classname="Org.qsp.testNGdemo.DemoDataprovider"/>
  <system-out>
admin1 manager1  </system-out>
  <testcase name="m1" time="0.003" classname="Org.qsp.testNGdemo.DemoDataprovider"/>
  <system-out>
admin3 manager3  </system-out>
  <testcase name="m1" time="0.003" classname="Org.qsp.testNGdemo.DemoDataprovider"/>
  <system-out>
admin2 manager2  </system-out>
</testsuite> <!-- Org.qsp.testNGdemo.DemoDataprovider -->
