<?xml version="1.0" encoding="UTF-8"?>
<!-- Generated by org.testng.reporters.JUnitReportReporter -->
<testsuite skipped="0" hostname="hp-pc" name="Org.qsp.testNGdemo.Demo2" tests="5" failures="0" timestamp="2020-07-28T11:06:21 IST" time="0.026" errors="0">
  <testcase name="m1" time="0.003" classname="Org.qsp.testNGdemo.Demo2"/>
  <system-out>
hiiiiiiiiii  </system-out>
  <testcase name="m1" time="0.003" classname="Org.qsp.testNGdemo.Demo2"/>
  <system-out>
hiiiiiiiiii  </system-out>
  <testcase name="m1" time="0.015" classname="Org.qsp.testNGdemo.Demo2"/>
  <system-out>
hiiiiiiiiii  </system-out>
  <testcase name="m1" time="0.003" classname="Org.qsp.testNGdemo.Demo2"/>
  <system-out>
hiiiiiiiiii  </system-out>
  <testcase name="m1" time="0.002" classname="Org.qsp.testNGdemo.Demo2"/>
  <system-out>
hiiiiiiiiii  </system-out>
</testsuite> <!-- Org.qsp.testNGdemo.Demo2 -->
