<?xml version="1.0" encoding="UTF-8"?>
<!-- Generated by org.testng.reporters.JUnitReportReporter -->
<testsuite skipped="0" hostname="hp-pc" name="Org.qsp.testNGdemo.RedBus" tests="1" failures="0" timestamp="2020-07-27T10:38:48 IST" time="21.602" errors="0">
  <testcase name="m1" time="21.602" classname="Org.qsp.testNGdemo.RedBus"/>
  <system-out/>
</testsuite> <!-- Org.qsp.testNGdemo.RedBus -->
