<?xml version="1.0" encoding="UTF-8"?>
<!-- Generated by org.testng.reporters.JUnitReportReporter -->
<testsuite skipped="0" hostname="hp-pc" name="Org.qsp.testNGdemo.actiTimeLogin" tests="2" failures="0" timestamp="2020-07-27T11:57:49 IST" time="32.979" errors="0">
  <testcase name="m1" time="17.314" classname="Org.qsp.testNGdemo.actiTimeLogin"/>
  <system-out>
+ve  </system-out>
  <testcase name="m2" time="15.665" classname="Org.qsp.testNGdemo.actiTimeLogin"/>
  <system-out>
-ve  </system-out>
</testsuite> <!-- Org.qsp.testNGdemo.actiTimeLogin -->
