<?xml version="1.0" encoding="UTF-8"?>
<!-- Generated by org.testng.reporters.JUnitReportReporter -->
<testsuite skipped="0" hostname="hp-pc" name="Org.qsp.testNGdemo.Demo3" tests="3" failures="0" timestamp="2020-07-28T11:06:54 IST" time="0.018" errors="0">
  <testcase name="m2" time="0.012" classname="Org.qsp.testNGdemo.Demo3"/>
  <system-out>
hiiiiiiiiii........2  </system-out>
  <testcase name="m1" time="0.003" classname="Org.qsp.testNGdemo.Demo3"/>
  <system-out>
hiiiiiiiiii......1  </system-out>
  <testcase name="m3" time="0.003" classname="Org.qsp.testNGdemo.Demo3"/>
  <system-out>
hiiiiiiiiii.....3  </system-out>
</testsuite> <!-- Org.qsp.testNGdemo.Demo3 -->
