<?xml version="1.0" encoding="UTF-8"?>
<!-- Generated by org.testng.reporters.JUnitReportReporter -->
<testsuite skipped="1" hostname="hp-pc" name="Org.qsp.testNGdemo.Demo4" tests="2" failures="0" timestamp="2020-07-28T11:04:57 IST" time="0.012" errors="0">
  <testcase name="m3" time="0.012" classname="Org.qsp.testNGdemo.Demo4"/>
  <system-out>
hiiiiiiiiii.....3  </system-out>
  <testcase name="m2" classname="Org.qsp.testNGdemo.Demo4">
    <skipped/>
  </testcase> <!-- m2 -->
  <system-out/>
</testsuite> <!-- Org.qsp.testNGdemo.Demo4 -->
