<?xml version="1.0" encoding="UTF-8"?>
<!-- Generated by org.testng.reporters.JUnitReportReporter -->
<testsuite skipped="0" hostname="hp-pc" name="Org.qsp.testNGdemo.demoTestNG$demo" tests="1" failures="0" timestamp="2020-07-24T11:44:08 IST" time="0.013" errors="0">
  <testcase name="m2" time="0.013" classname="Org.qsp.testNGdemo.demoTestNG$demo"/>
  <system-out/>
</testsuite> <!-- Org.qsp.testNGdemo.demoTestNG$demo -->
