<?xml version="1.0" encoding="UTF-8"?>
<!-- Generated by org.testng.reporters.JUnitReportReporter -->
<testsuite skipped="0" hostname="hp-pc" name="Org.qsp.testNGdemo.ParallelBrowser" tests="2" failures="0" timestamp="2020-08-03T11:00:31 IST" time="30.368" errors="0">
  <testcase name="m" time="17.585" classname="Org.qsp.testNGdemo.ParallelBrowser"/>
  <system-out/>
  <testcase name="m" time="12.783" classname="Org.qsp.testNGdemo.ParallelBrowser"/>
  <system-out/>
</testsuite> <!-- Org.qsp.testNGdemo.ParallelBrowser -->
