<?xml version="1.0" encoding="UTF-8"?>
<!-- Generated by org.testng.reporters.JUnitReportReporter -->
<testsuite skipped="0" hostname="hp-pc" name="Org.qsp.testNGdemo.Demo6" tests="6" failures="0" timestamp="2020-07-28T11:24:26 IST" time="0.027" errors="0">
  <testcase name="m5" time="0.002" classname="Org.qsp.testNGdemo.Demo6"/>
  <system-out>
hi.....5  </system-out>
  <testcase name="m3" time="0.003" classname="Org.qsp.testNGdemo.Demo6"/>
  <system-out>
hi.....3  </system-out>
  <testcase name="m1" time="0.013" classname="Org.qsp.testNGdemo.Demo6"/>
  <system-out>
hii......1  </system-out>
  <testcase name="m2" time="0.003" classname="Org.qsp.testNGdemo.Demo6"/>
  <system-out>
hii........2  </system-out>
  <testcase name="m4" time="0.003" classname="Org.qsp.testNGdemo.Demo6"/>
  <system-out>
hi.....4  </system-out>
  <testcase name="m6" time="0.003" classname="Org.qsp.testNGdemo.Demo6"/>
  <system-out>
hi.....6  </system-out>
</testsuite> <!-- Org.qsp.testNGdemo.Demo6 -->
