<?xml version="1.0" encoding="UTF-8"?>
<!-- Generated by org.testng.reporters.JUnitReportReporter -->
<testsuite skipped="0" hostname="hp-pc" name="Org.qsp.testNGdemo.AssertDemo1" tests="1" failures="0" timestamp="2020-07-31T10:35:38 IST" time="0.015" errors="0">
  <testcase name="m1" time="0.015" classname="Org.qsp.testNGdemo.AssertDemo1"/>
  <system-out/>
</testsuite> <!-- Org.qsp.testNGdemo.AssertDemo1 -->
