<?xml version="1.0" encoding="UTF-8"?>
<!-- Generated by org.testng.reporters.JUnitReportReporter -->
<testsuite skipped="0" hostname="hp-pc" name="Org.qsp.testNGdemo.blueStone" tests="1" failures="0" timestamp="2020-07-24T20:47:36 IST" time="15.076" errors="0">
  <testcase name="m1" time="15.076" classname="Org.qsp.testNGdemo.blueStone"/>
  <system-out/>
</testsuite> <!-- Org.qsp.testNGdemo.blueStone -->
