<?xml version="1.0" encoding="UTF-8"?>
<!-- Generated by org.testng.reporters.JUnitReportReporter -->
<testsuite skipped="0" hostname="hp-pc" name="Org.qsp.testNGdemo.ParallelMethod" tests="2" failures="0" timestamp="2020-07-31T11:30:14 IST" time="34.912" errors="0">
  <testcase name="m1" time="19.149" classname="Org.qsp.testNGdemo.ParallelMethod"/>
  <system-out/>
  <testcase name="m2" time="15.763" classname="Org.qsp.testNGdemo.ParallelMethod"/>
  <system-out/>
</testsuite> <!-- Org.qsp.testNGdemo.ParallelMethod -->
