<?xml version="1.0" encoding="UTF-8"?>
<!-- Generated by org.testng.reporters.JUnitReportReporter -->
<testsuite skipped="0" hostname="hp-pc" name="Org.qsp.testNGdemo.DataExcelDemo" tests="5" failures="0" timestamp="2020-07-31T01:03:47 IST" time="0.020" errors="0">
  <testcase name="m1" time="0.003" classname="Org.qsp.testNGdemo.DataExcelDemo"/>
  <system-out>
alia ranbir  </system-out>
  <testcase name="m1" time="0.009" classname="Org.qsp.testNGdemo.DataExcelDemo"/>
  <system-out>
admin manager  </system-out>
  <testcase name="m1" time="0.003" classname="Org.qsp.testNGdemo.DataExcelDemo"/>
  <system-out>
null null  </system-out>
  <testcase name="m1" time="0.002" classname="Org.qsp.testNGdemo.DataExcelDemo"/>
  <system-out>
chetan gaikwad  </system-out>
  <testcase name="m1" time="0.003" classname="Org.qsp.testNGdemo.DataExcelDemo"/>
  <system-out>
ankit a@123  </system-out>
</testsuite> <!-- Org.qsp.testNGdemo.DataExcelDemo -->
