<?xml version="1.0" encoding="UTF-8"?>
<!-- Generated by org.testng.reporters.JUnitReportReporter -->
<testsuite skipped="0" hostname="hp-pc" name="Org.qsp.testNGdemo.ParallelClass2" tests="1" failures="0" timestamp="2020-07-31T11:27:09 IST" time="17.139" errors="0">
  <testcase name="m1" time="17.139" classname="Org.qsp.testNGdemo.ParallelClass2"/>
  <system-out/>
</testsuite> <!-- Org.qsp.testNGdemo.ParallelClass2 -->
