<?xml version="1.0" encoding="UTF-8"?>
<!-- Generated by org.testng.reporters.JUnitReportReporter -->
<testsuite skipped="1" hostname="hp-pc" name="Org.qsp.testNGdemo.DataActitime$DataExcelDemo" tests="1" failures="0" timestamp="2020-07-31T01:09:26 IST" time="0.000" errors="0">
  <testcase name="m1" time="0.000" classname="Org.qsp.testNGdemo.DataActitime$DataExcelDemo">
    <skipped/>
  </testcase> <!-- m1 -->
  <system-out/>
</testsuite> <!-- Org.qsp.testNGdemo.DataActitime$DataExcelDemo -->
